{"type":"server-started","port":58759,"host":"127.0.0.1","url_host":"localhost","url":"http://localhost:58759","screen_dir":"/Users/fischer/Desktop/github-frontend/.superpowers/brainstorm/43082-1780391470/content","state_dir":"/Users/fischer/Desktop/github-frontend/.superpowers/brainstorm/43082-1780391470/state"}
{"type":"screen-added","file":"/Users/fischer/Desktop/github-frontend/.superpowers/brainstorm/43082-1780391470/content/primary-use.html"}
{"source":"user-event","type":"click","text":"A\n    \n      Personal Power User\n      Just you. Optimize for your workflow. Single user, one GitHub account, no auth UI.","choice":"personal","id":null,"timestamp":1780391496523}
{"source":"user-event","type":"click","text":"A\n    \n      Personal Power User\n      Just you. Optimize for your workflow. Single user, one GitHub account, no auth UI.","choice":"personal","id":null,"timestamp":1780391505787}
{"source":"user-event","type":"click","text":"A\n    \n      Personal Power User\n      Just you. Optimize for your workflow. Single user, one GitHub account, no auth UI.","choice":"personal","id":null,"timestamp":1780391506353}
{"source":"user-event","type":"click","text":"A\n    \n      Personal Power User\n      Just you. Optimize for your workflow. Single user, one GitHub account, no auth UI.","choice":"personal","id":null,"timestamp":1780391509787}
{"type":"screen-added","file":"/Users/fischer/Desktop/github-frontend/.superpowers/brainstorm/43082-1780391470/content/notifications-scope.html"}
{"source":"user-event","type":"click","text":"A\n    \n      Everything (full inbox replacement)\n      All GitHub notifications — issues, PRs, discussions, releases, mentions. Act as a full GitHub Notifications replacement.","choice":"all","id":null,"timestamp":1780391538905}
{"type":"screen-added","file":"/Users/fischer/Desktop/github-frontend/.superpowers/brainstorm/43082-1780391470/content/data-strategy.html"}
{"type":"screen-added","file":"/Users/fischer/Desktop/github-frontend/.superpowers/brainstorm/43082-1780391470/content/diff-style.html"}
{"type":"screen-added","file":"/Users/fischer/Desktop/github-frontend/.superpowers/brainstorm/43082-1780391470/content/inline-comments.html"}
{"type":"screen-added","file":"/Users/fischer/Desktop/github-frontend/.superpowers/brainstorm/43082-1780391470/content/notification-ux.html"}
{"type":"screen-added","file":"/Users/fischer/Desktop/github-frontend/.superpowers/brainstorm/43082-1780391470/content/approaches.html"}
{"type":"screen-added","file":"/Users/fischer/Desktop/github-frontend/.superpowers/brainstorm/43082-1780391470/content/design-architecture.html"}
{"type":"screen-added","file":"/Users/fischer/Desktop/github-frontend/.superpowers/brainstorm/43082-1780391470/content/design-data-layer.html"}
{"type":"screen-added","file":"/Users/fischer/Desktop/github-frontend/.superpowers/brainstorm/43082-1780391470/content/design-ui-layout.html"}
{"type":"screen-added","file":"/Users/fischer/Desktop/github-frontend/.superpowers/brainstorm/43082-1780391470/content/design-routing.html"}
{"type":"screen-added","file":"/Users/fischer/Desktop/github-frontend/.superpowers/brainstorm/43082-1780391470/content/design-pr-detail.html"}
{"type":"screen-added","file":"/Users/fischer/Desktop/github-frontend/.superpowers/brainstorm/43082-1780391470/content/waiting.html"}
{"type":"server-stopped","reason":"idle timeout"}
